{"/Users/xarxatecactiva/Desktop/citricos_pellicer/routes/getAllUsers.ts": {"path":"/Users/xarxatecactiva/Desktop/citricos_pellicer/routes/getAllUsers.ts","statementMap":{"0":{"start":{"line":4,"column":18},"end":{"line":4,"column":68}},"1":{"start":{"line":5,"column":4},"end":{"line":5,"column":30}},"2":{"start":{"line":6,"column":4},"end":{"line":6,"column":28}},"3":{"start":{"line":3,"column":0},"end":{"line":3,"column":24}}},"fnMap":{"0":{"name":"getAllUsers","decl":{"start":{"line":3,"column":24},"end":{"line":3,"column":35}},"loc":{"start":{"line":3,"column":72},"end":{"line":7,"column":1}}}},"branchMap":{},"s":{"0":1,"1":1,"2":1,"3":1},"f":{"0":1},"b":{}}
}
